<?xml version="1.0" encoding="UTF-8"?>
<!-- Generated by org.testng.reporters.JUnitReportReporter -->
<testsuite hostname="Tommy" failures="0" tests="3" name="org.Appium.checkout" time="46.610" errors="0" timestamp="2023-11-02T23:24:27 WIB" skipped="0">
  <testcase classname="org.Appium.checkout" name="transactionWithDataDriven" time="14.020"/>
  <system-out/>
  <testcase classname="org.Appium.checkout" name="transactionDemo" time="18.314"/>
  <system-out/>
  <testcase classname="org.Appium.checkout" name="transactionWithDataDriven" time="14.276"/>
  <system-out/>
</testsuite> <!-- org.Appium.checkout -->
