<?xml version="1.0" encoding="UTF-8"?>
<!-- Generated by org.testng.reporters.JUnitReportReporter -->
<testsuite hostname="Tommy" failures="0" tests="1" name="org.Appium.errorValidation" time="3.540" errors="0" timestamp="2023-11-06T22:22:28 WIB" skipped="0">
  <testcase classname="org.Appium.errorValidation" name="homeErrorValidation" time="3.540"/>
  <system-out/>
</testsuite> <!-- org.Appium.errorValidation -->
