<?xml version="1.0" encoding="UTF-8"?>
<!-- Generated by org.testng.reporters.JUnitReportReporter -->
<testsuite hostname="Tommy" failures="0" tests="1" name="org.Appium.checkoutExperimen" time="30.589" errors="0" timestamp="2023-11-03T23:40:22 WIB" skipped="0">
  <testcase classname="org.Appium.checkoutExperimen" name="transactionDemo" time="30.589"/>
  <system-out/>
</testsuite> <!-- org.Appium.checkoutExperimen -->
