<?xml version="1.0" encoding="UTF-8"?>
<!-- Generated by org.testng.reporters.JUnitReportReporter -->
<testsuite hostname="Tommy" failures="0" tests="3" name="org.Appium.checkout" time="37.943" errors="0" timestamp="2023-11-03T23:40:22 WIB" skipped="0">
  <testcase classname="org.Appium.checkout" name="transactionWithDataDriven" time="10.584"/>
  <system-out/>
  <testcase classname="org.Appium.checkout" name="transactionDemo" time="16.551"/>
  <system-out/>
  <testcase classname="org.Appium.checkout" name="transactionWithDataDriven" time="10.808"/>
  <system-out/>
</testsuite> <!-- org.Appium.checkout -->
